C51 COMPILER V9.60.0.0   HX711                                                             05/14/2025 16:27:00 PAGE 1   


C51 COMPILER V9.60.0.0, COMPILATION OF MODULE HX711
OBJECT MODULE PLACED IN .\Objects\hx711.obj
COMPILER INVOKED BY: E:\keil5\C51\BIN\C51.EXE driver\hx711.c OPTIMIZE(8,SPEED) BROWSE INCDIR(.\driver;.\sys) DEBUG OBJEC
                    -TEXTEND PRINT(.\Listings\hx711.lst) TABS(2) OBJECT(.\Objects\hx711.obj)

line level    source

   1          #include <reg52.h>
   2          #include "hx711.h"
   3          #include <intrins.h>
   4          
   5          sbit HX711_DT = P1^3;
   6          sbit HX711_SCK = P1^2;
   7          
   8          long OFFSET = 0;
   9          float SCALE = 9000.0;
  10          
  11          void HX711_Delay() {
  12   1          _nop_(); _nop_();
  13   1      }
  14          
  15          unsigned long HX711_ReadRaw() {
  16   1          unsigned long count = 0;
  17   1          unsigned char i;
  18   1      
  19   1          HX711_DT = 1;
  20   1          HX711_SCK = 0;
  21   1      
  22   1          while (HX711_DT);
  23   1      
  24   1          for (i = 0; i < 24; i++) {
  25   2              HX711_SCK = 1;
  26   2              count <<= 1;
  27   2              HX711_SCK = 0;
  28   2              if (HX711_DT)
  29   2                  count++;
  30   2              HX711_Delay();
  31   2          }
  32   1      
  33   1          HX711_SCK = 1;
  34   1          count ^= 0x800000;
  35   1          HX711_SCK = 0;
  36   1      
  37   1          return count;
  38   1      }
  39          
  40          void HX711_Tare() {
  41   1          OFFSET = HX711_ReadRaw();
  42   1      }
  43          
  44          float HX711_GetWeight() {
  45   1          long val = HX711_ReadRaw();
  46   1          return (float)(val - OFFSET) / SCALE;
  47   1      }


MODULE INFORMATION:   STATIC OVERLAYABLE
   CODE SIZE        =    170    ----
   CONSTANT SIZE    =   ----    ----
   XDATA SIZE       =   ----    ----
   PDATA SIZE       =   ----    ----
C51 COMPILER V9.60.0.0   HX711                                                             05/14/2025 16:27:00 PAGE 2   

   DATA SIZE        =      8       8
   IDATA SIZE       =   ----    ----
   BIT SIZE         =   ----    ----
END OF MODULE INFORMATION.


C51 COMPILATION COMPLETE.  0 WARNING(S),  0 ERROR(S)
