C51 COMPILER V9.60.0.0   I2C                                                               05/14/2025 15:08:30 PAGE 1   


C51 COMPILER V9.60.0.0, COMPILATION OF MODULE I2C
OBJECT MODULE PLACED IN .\Objects\i2c.obj
COMPILER INVOKED BY: E:\keil5\C51\BIN\C51.EXE driver\i2c.c OPTIMIZE(8,SPEED) BROWSE INCDIR(.\driver;.\sys) DEBUG OBJECTE
                    -XTEND PRINT(.\Listings\i2c.lst) TABS(2) OBJECT(.\Objects\i2c.obj)

line level    source

   1          #include "i2c.h"
   2          #include <reg52.h>
   3          #include "delay.h"  // 包含延时头文件
   4          
   5          sbit SDA = P1^1;  // SDA
   6          sbit SCL = P1^0;  // SCL
   7          
   8          void I2C_Init(void) {
   9   1          // 设置 SDA 和 SCL 引脚为输出
  10   1          P1 |= 0x03;  // 使 P1.0 和 P1.1 输出
  11   1          Delay_ms(50);  // 延时等待稳定
  12   1      }
  13          
  14          void I2C_Start(void) {
  15   1          SDA = 1;
  16   1          SCL = 1;
  17   1          SDA = 0;  // 启动信号
  18   1          SCL = 0;
  19   1      }
  20          
  21          void I2C_Stop(void) {
  22   1          SDA = 0;
  23   1          SCL = 1;
  24   1          SDA = 1;  // 停止信号
  25   1      }
  26          
  27          void I2C_SendByte(unsigned char byte) {
  28   1          unsigned char i;
  29   1          for (i = 0; i < 8; i++) {
  30   2              SDA = (byte & 0x80) ? 1 : 0;  // 发送 MSB
  31   2              SCL = 1;
  32   2              SCL = 0;
  33   2              byte <<= 1;  // 左移一位，准备发送下一个 bit
  34   2          }
  35   1          // 调试：点亮 LED，表示发送了一个字节
  36   1          P1 = 0x01;  // 假设 P1.0 是控制 LED 的引脚
  37   1      }
  38          
  39          void I2C_WaitAck(void) {
  40   1          SDA = 1;  // 释放 SDA
  41   1          SCL = 1;
  42   1          if (SDA == 1) {  // 如果没有应答
  43   2              I2C_Stop();  // 停止通信
  44   2              // 调试：未收到 ACK，点亮 LED
  45   2              P1 = 0x02;  // 假设 P1.1 是另一个控制 LED 的引脚
  46   2          }
  47   1          SCL = 0;
  48   1      }
  49          
  50          
  51          void I2C_SendAck(void) {
  52   1          SDA = 0;  // 发送应答
  53   1          SCL = 1;
  54   1          SCL = 0;
C51 COMPILER V9.60.0.0   I2C                                                               05/14/2025 15:08:30 PAGE 2   

  55   1      }
  56          
  57          void I2C_SendNack(void) {
  58   1          SDA = 1;  // 发送非应答
  59   1          SCL = 1;
  60   1          SCL = 0;
  61   1      }
  62          
  63          unsigned char I2C_ReceiveByte(void) {
  64   1          unsigned char i, byte = 0;
  65   1          SDA = 1;  // 释放 SDA 以便接收
  66   1      
  67   1          for (i = 0; i < 8; i++) {
  68   2              SCL = 1;
  69   2              byte <<= 1;
  70   2              if (SDA)
  71   2                  byte |= 0x01;
  72   2              SCL = 0;
  73   2          }
  74   1          return byte;
  75   1      }
  76          


MODULE INFORMATION:   STATIC OVERLAYABLE
   CODE SIZE        =    125    ----
   CONSTANT SIZE    =   ----    ----
   XDATA SIZE       =   ----    ----
   PDATA SIZE       =   ----    ----
   DATA SIZE        =   ----    ----
   IDATA SIZE       =   ----    ----
   BIT SIZE         =   ----    ----
END OF MODULE INFORMATION.


C51 COMPILATION COMPLETE.  0 WARNING(S),  0 ERROR(S)
