C51 COMPILER V9.60.0.0   KEY                                                               05/14/2025 15:08:30 PAGE 1   


C51 COMPILER V9.60.0.0, COMPILATION OF MODULE KEY
OBJECT MODULE PLACED IN .\Objects\key.obj
COMPILER INVOKED BY: E:\keil5\C51\BIN\C51.EXE driver\key.c OPTIMIZE(8,SPEED) BROWSE INCDIR(.\driver;.\sys) DEBUG OBJECTE
                    -XTEND PRINT(.\Listings\key.lst) TABS(2) OBJECT(.\Objects\key.obj)

line level    source

   1          #include "key.h"
   2          #include <reg52.h>
   3          
   4          sbit R1 = P2^3;
   5          sbit R2 = P2^2;
   6          sbit R3 = P2^1;
   7          sbit R4 = P2^0;
   8          sbit C1 = P2^4;
   9          sbit C2 = P2^5;
  10          sbit C3 = P2^6;
  11          sbit C4 = P2^7;
  12          
  13          const unsigned char KeyMap[4][4] = {
  14              {1,  2,  3,  4},
  15              {5,  6,  7,  8},
  16              {9, 10, 11, 12},
  17              {13,14,15,16}
  18          };
  19          
  20          void key_delay_ms(unsigned int ms) {
  21   1          unsigned int i, j;
  22   1          for (i = 0; i < ms; i++)
  23   1              for (j = 0; j < 123; j++);
  24   1      }
  25          
  26          unsigned char KeyScan() {
  27   1          unsigned char row, col;
  28   1      
  29   1          for (row = 0; row < 4; row++) {
  30   2              // 所有行先置高
  31   2              R1 = R2 = R3 = R4 = 1;
  32   2      
  33   2              // 当前行拉低
  34   2              switch (row) {
  35   3                  case 0: R1 = 0; break;
  36   3                  case 1: R2 = 0; break;
  37   3                  case 2: R3 = 0; break;
  38   3                  case 3: R4 = 0; break;
  39   3              }
  40   2      
  41   2              // 检查各列
  42   2              if (C1 == 0) col = 0;
  43   2              else if (C2 == 0) col = 1;
  44   2              else if (C3 == 0) col = 2;
  45   2              else if (C4 == 0) col = 3;
  46   2              else continue;
  47   2      
  48   2              key_delay_ms(10); // 消抖
  49   2      
  50   2              // 确认按键仍按下
  51   2              if ((col == 0 && C1 == 0) || (col == 1 && C2 == 0) ||
  52   2                  (col == 2 && C3 == 0) || (col == 3 && C4 == 0)) {
  53   3      
  54   3                  // 等待松开
C51 COMPILER V9.60.0.0   KEY                                                               05/14/2025 15:08:30 PAGE 2   

  55   3                  while ((col == 0 && C1 == 0) || (col == 1 && C2 == 0) ||
  56   3                         (col == 2 && C3 == 0) || (col == 3 && C4 == 0));
  57   3      
  58   3                  return KeyMap[row][col];
  59   3              }
  60   2          }
  61   1      
  62   1          return 0;
  63   1      }


MODULE INFORMATION:   STATIC OVERLAYABLE
   CODE SIZE        =    212    ----
   CONSTANT SIZE    =   ----    ----
   XDATA SIZE       =   ----    ----
   PDATA SIZE       =   ----    ----
   DATA SIZE        =     16       1
   IDATA SIZE       =   ----    ----
   BIT SIZE         =   ----    ----
END OF MODULE INFORMATION.


C51 COMPILATION COMPLETE.  0 WARNING(S),  0 ERROR(S)
