C51 COMPILER V9.60.0.0   LCD1602_I2C                                                       05/15/2025 00:40:38 PAGE 1   


C51 COMPILER V9.60.0.0, COMPILATION OF MODULE LCD1602_I2C
OBJECT MODULE PLACED IN .\Objects\lcd1602_i2c.obj
COMPILER INVOKED BY: E:\keil5\C51\BIN\C51.EXE driver\lcd1602_i2c.c OPTIMIZE(8,SPEED) BROWSE INCDIR(.\driver;.\sys) DEBUG
                    - OBJECTEXTEND PRINT(.\Listings\lcd1602_i2c.lst) TABS(2) OBJECT(.\Objects\lcd1602_i2c.obj)

line level    source

   1          #include "lcd1602_i2c.h"
   2          #include "i2c.h"
   3          #include "delay.h"
   4          
   5          #define LCD_ADDR 0x4E
   6          #define LCD_BACKLIGHT 0x08
   7          #define ENABLE  0x04
   8          #define RS 0x01
   9          
  10          void LCD_WriteByte(unsigned char database, unsigned char rs) {
  11   1          unsigned char high = database & 0xF0;
  12   1          unsigned char low = (database << 4) & 0xF0;
  13   1          unsigned char control = rs ? RS : 0x00;
  14   1      
  15   1          I2C_Start();
  16   1          I2C_SendByte(LCD_ADDR);
  17   1          I2C_WaitAck();
  18   1          I2C_SendByte(high | control | LCD_BACKLIGHT);
  19   1          I2C_WaitAck();
  20   1          I2C_SendByte(high | control | ENABLE | LCD_BACKLIGHT);
  21   1          I2C_WaitAck();
  22   1          I2C_SendByte(high | control | LCD_BACKLIGHT);
  23   1          I2C_WaitAck();
  24   1          I2C_Stop();
  25   1      
  26   1          I2C_Start();
  27   1          I2C_SendByte(LCD_ADDR);
  28   1          I2C_WaitAck();
  29   1          I2C_SendByte(low | control | LCD_BACKLIGHT);
  30   1          I2C_WaitAck();
  31   1          I2C_SendByte(low | control | ENABLE | LCD_BACKLIGHT);
  32   1          I2C_WaitAck();
  33   1          I2C_SendByte(low | control | LCD_BACKLIGHT);
  34   1          I2C_WaitAck();
  35   1          I2C_Stop();
  36   1      
  37   1          Delay_ms(2);
  38   1      }
  39          
  40          void LCD_WriteCmd(unsigned char cmd) {
  41   1          LCD_WriteByte(cmd, 0);
  42   1      }
  43          
  44          void LCD_WriteData(unsigned char database) {
  45   1          LCD_WriteByte(database, 1);
  46   1      }
  47          
  48          void LCD_SetCursor(unsigned char row, unsigned char col) {
  49   1          LCD_WriteCmd((row == 0 ? 0x80 : 0xC0) + col);
  50   1      }
  51          
  52          void LCD_ShowChar(unsigned char row, unsigned char col, char chr) {
  53   1          LCD_SetCursor(row, col);
  54   1          LCD_WriteData(chr);
C51 COMPILER V9.60.0.0   LCD1602_I2C                                                       05/15/2025 00:40:38 PAGE 2   

  55   1      }
  56          
  57          void LCD_ShowString(unsigned char row, unsigned char col, char *str) {
  58   1          LCD_SetCursor(row, col);
  59   1          while (*str) {
  60   2              LCD_WriteData(*str++);
  61   2          }
  62   1      }
  63          
  64          void LCD_Init(void) {
  65   1          I2C_Init();
  66   1          Delay_ms(50);
  67   1      
  68   1          LCD_WriteCmd(0x33);  // 初始化流程
  69   1          LCD_WriteCmd(0x32);
  70   1          LCD_WriteCmd(0x28);  // 4位模式 2行 5x7 点阵
  71   1          LCD_WriteCmd(0x0C);  // 显示开，光标关
  72   1          LCD_WriteCmd(0x06);  // 写入后地址自动+1
  73   1          LCD_WriteCmd(0x01);  // 清屏
  74   1          Delay_ms(5);
  75   1      }
  76          
  77          void LCD_Clear(void) {
  78   1          LCD_WriteCmd(0x01);  // 清屏命令
  79   1          Delay_ms(5);         // 清屏后等待
  80   1      }


MODULE INFORMATION:   STATIC OVERLAYABLE
   CODE SIZE        =    269    ----
   CONSTANT SIZE    =   ----    ----
   XDATA SIZE       =   ----    ----
   PDATA SIZE       =   ----    ----
   DATA SIZE        =   ----       7
   IDATA SIZE       =   ----    ----
   BIT SIZE         =   ----    ----
END OF MODULE INFORMATION.


C51 COMPILATION COMPLETE.  0 WARNING(S),  0 ERROR(S)
