C51 COMPILER V9.60.0.0   MAIN                                                              05/15/2025 00:42:01 PAGE 1   


C51 COMPILER V9.60.0.0, COMPILATION OF MODULE MAIN
OBJECT MODULE PLACED IN .\Objects\main.obj
COMPILER INVOKED BY: E:\keil5\C51\BIN\C51.EXE main.c OPTIMIZE(8,SPEED) BROWSE INCDIR(.\driver;.\sys) DEBUG OBJECTEXTEND 
                    -PRINT(.\Listings\main.lst) TABS(2) OBJECT(.\Objects\main.obj)

line level    source

   1          #include "lcd1602_i2c.h"
   2          #include "key.h"
   3          #include "hx711.h"
   4          #include "delay.h"
   5          #include "eeprom.h"
   6          #include "led.h"
   7          #include <stdio.h>
   8          #include <math.h>
   9          #include <string.h>
  10          #include <REGX52.H>
  11          
  12          
  13          sbit RED_LED    = P3^7;
  14          sbit YELLOW_LED = P3^6;
  15          sbit GREEN_LED  = P3^5;
  16          
  17          unsigned char key = 0;
  18          unsigned char current_page = 0;
  19          
  20          bit state = 0;  // 单位状态：0为kg，1为g
  21          xdata unsigned int height_cm = 0;
  22          
  23          // 函数声明
  24          void ShowMenu();
  25          void ShowBMI();
  26          void InputHeight();
  27          void ShowWeight();
  28          void TareScale();
  29          void ShowHistory();
  30          void ClearHistory();
  31          
  32          void Start(){   
  33   1        unsigned int temp_COL = 0;    
  34   1        LCD_ShowString(0, 0, "Starting...     ");   
  35   1        while(temp_COL <= 12){    
  36   2          LCD_ShowString(1, temp_COL, ">>>>");    
  37   2          temp_COL += 4;    
  38   2          Delay_ms(500);  
  39   2        } 
  40   1      } //模拟了一个开机ui界面
  41          
  42          
  43          void main(void) {
  44   1        
  45   1          TurnOffLeds();
  46   1          LCD_Init();
  47   1          HX711_Tare();     // 默认去皮
  48   1          height_cm = EEPROM_ReadInt(0x24);  // 启动时读取保存的身高
  49   1          Start();
  50   1          Delay_ms(500);
  51   1      
  52   1          ShowMenu();       // 显示菜单
  53   1      
  54   1          while (1) {
C51 COMPILER V9.60.0.0   MAIN                                                              05/15/2025 00:42:01 PAGE 2   

  55   2              TurnOffLeds();
  56   2              key = KeyScan();  // 扫描按键
  57   2      
  58   2              if (key == 1) {
  59   3                  current_page = 1;
  60   3                  ShowWeight();
  61   3              } else if (key == 2) {
  62   3                  current_page = 2;
  63   3                  TareScale();
  64   3                  ShowMenu();
  65   3              } else if (key == 3) {
  66   3                  current_page = 3;
  67   3                  ShowHistory();
  68   3                  Delay_ms(2000);
  69   3                  ShowMenu();
  70   3              } else if (key == 4) {
  71   3                  ClearHistory();
  72   3              } else if (key == 7) {
  73   3                  current_page = 7;
  74   3                  InputHeight();
  75   3              } else if (key == 8) {
  76   3                  current_page = 8;
  77   3                  ShowBMI();
  78   3              } else if (key == 0) {
  79   3                  Delay_ms(50);  // 空闲时延时，降低CPU负载
  80   3              }
  81   2          }
  82   1      }
  83          
  84          void ShowMenu() {
  85   1          LCD_Clear();
  86   1          LCD_ShowString(0, 0, "1.Wt 2.Tare 3.His");
  87   1          LCD_ShowString(1, 0, "4.Clr 7.Ht 8.BMI");
  88   1      }
  89          
  90          void ShowBMI() {
  91   1          char buf[16];
  92   1          float weight = EEPROM_ReadFloat(0x20);  // 和保存时保持一致
  93   1          unsigned int height = EEPROM_ReadInt(0x24);
  94   1          float bmi = EEPROM_ReadFloat(0x26);
  95   1      
  96   1          LCD_Clear();
  97   1          LCD_ShowString(0, 0, "Weight:");
  98   1          sprintf(buf, "%.1fkg", weight);
  99   1          LCD_ShowString(0, 7, buf);
 100   1      
 101   1          LCD_ShowString(1, 0, "H:");
 102   1          sprintf(buf, "%dcm", height);
 103   1          LCD_ShowString(1, 2, buf);
 104   1      
 105   1          sprintf(buf, "BMI:%.1f", bmi);
 106   1          LCD_ShowString(1, 8, buf);
 107   1        
 108   1          TurnOffLeds();
 109   1      
 110   1          //BMI控制亮灯
 111   1      //    if (bmi < 18.5) {
 112   1      //        RED_LED = 1;  // 偏瘦
 113   1      //    } else if (bmi >= 18.5 && bmi <= 23.9) {
 114   1      //        YELLOW_LED = 1;   // 正常
 115   1      //    } else {
 116   1      //        RED_LED = 1;     // 超重
C51 COMPILER V9.60.0.0   MAIN                                                              05/15/2025 00:42:01 PAGE 3   

 117   1      //    }
 118   1          UpdateBMILeds(bmi);
 119   1      
 120   1          Delay_ms(2000);
 121   1          ShowMenu();
 122   1      }
 123          
 124          
 125          void InputHeight() {
 126   1          char buf[16];
 127   1          unsigned int temp = 0;
 128   1          height_cm = 0;
 129   1          LCD_Clear();
 130   1          LCD_ShowString(0, 0, "Input Height(cm):");
 131   1      
 132   1          while (1) {
 133   2              key = KeyScan();
 134   2      
 135   2              if (key >= 1 && key <= 10) {
 136   3                  unsigned char num = (key == 10) ? 0 : key;
 137   3                  if (height_cm < 1000) {
 138   4                      height_cm = height_cm * 10 + num;
 139   4                      sprintf(buf, "%d", height_cm);
 140   4                      LCD_SetCursor(1, 0);
 141   4                      LCD_ShowString(1, 0, "                ");
 142   4                      LCD_SetCursor(1, 0);
 143   4                      LCD_ShowString(1, 0, buf);
 144   4                  }
 145   3              } else if (key == 11) {  // 确认
 146   3                  break;
 147   3              } else if (key == 12) {  // 回退输入内容
 148   3                  height_cm = height_cm / 10;
 149   3                  sprintf(buf, "%d", height_cm);
 150   3                  LCD_SetCursor(1, 0);
 151   3                  LCD_ShowString(1, 0, "                ");
 152   3                  LCD_SetCursor(1, 0);
 153   3                  LCD_ShowString(1, 0, buf);
 154   3              }
 155   2      
 156   2              Delay_ms(150);
 157   2          }
 158   1      
 159   1          EEPROM_WriteInt(0x24, height_cm);  // 保存身高
 160   1          LCD_Clear();
 161   1          LCD_ShowString(0, 0, "Height Saved!");
 162   1          Delay_ms(1000);
 163   1          ShowMenu();
 164   1      }
 165          
 166          void ShowWeight() {
 167   1          char buf[16];
 168   1          char last_buf[16] = "";
 169   1          LCD_Clear();
 170   1          LCD_ShowString(0, 0, "Weight:");
 171   1      
 172   1          while (1) {
 173   2              float weight = HX711_GetWeight();
 174   2              float bmi = 0;
 175   2              unsigned char i;
 176   2              bmi = weight / ((height_cm / 100.0) * (height_cm / 100.0));
 177   2              
 178   2      
C51 COMPILER V9.60.0.0   MAIN                                                              05/15/2025 00:42:01 PAGE 4   

 179   2              if (state == 0) {
 180   3                  sprintf(buf, "%.1f kg", weight);
 181   3              } else {
 182   3                  sprintf(buf, "%.0f g", weight * 1000);
 183   3              }
 184   2      
 185   2              if (strcmp(buf, last_buf) != 0) {
 186   3                  LCD_SetCursor(1, 0);
 187   3                  for (i = 0; i < 16; i++) {
 188   4                      LCD_WriteData(' ');
 189   4                  }
 190   3                  LCD_ShowString(1, 0, buf);
 191   3                  strcpy(last_buf, buf);
 192   3              }
 193   2      
 194   2              UpdateBMILeds(bmi);  // 根据 BMI 更新 LED
 195   2      
 196   2              key = KeyScan();
 197   2              if (key != 0) {
 198   3                  if (key == 5) {
 199   4                      state = !state;
 200   4                      last_buf[0] = '\0';
 201   4                  } else if (key == 7) {
 202   4                      float previous = EEPROM_ReadFloat(0x20);      // 当前体重（上一轮测量）
 203   4                      EEPROM_WriteFloat(0x10, previous);            // 先保存成“上一次体重”
 204   4                    
 205   4                      EEPROM_WriteFloat(0x20, weight);  // 当前体重
 206   4                      EEPROM_WriteInt(0x24, height_cm); // 身高
 207   4                      EEPROM_WriteFloat(0x26, bmi);     // BMI
 208   4      
 209   4                      LCD_Clear();
 210   4                      LCD_ShowString(0, 0, "Saved to EEPROM");
 211   4                      Delay_ms(1000);
 212   4                  } else {
 213   4                      TurnOffLeds();  // 退出时熄灭灯
 214   4                      ShowMenu();
 215   4                      break;
 216   4                  }
 217   3              }
 218   2      
 219   2              Delay_ms(100);
 220   2          }
 221   1      }
 222          
 223          
 224          
 225          
 226          
 227          void TareScale() {
 228   1          LCD_Clear();
 229   1          LCD_ShowString(0, 0, "Taring...");
 230   1          HX711_Tare();
 231   1          Delay_ms(1000);
 232   1          LCD_Clear();
 233   1          LCD_ShowString(0, 0, "Done");
 234   1          Delay_ms(1000);
 235   1      }
 236          
 237          void ShowHistory() {
 238   1          char buf[16];
 239   1          float last_weight ;
 240   1          
C51 COMPILER V9.60.0.0   MAIN                                                              05/15/2025 00:42:01 PAGE 5   

 241   1          last_weight = EEPROM_ReadFloat(0x10);  // 上一次体重
 242   1          
 243   1      
 244   1          LCD_Clear();
 245   1          LCD_ShowString(0, 0, "Last:");    
 246   1          sprintf(buf, "%.1fkg", last_weight);
 247   1          LCD_ShowString(0, 6, buf);
 248   1      
 249   1      }
 250          
 251          
 252          
 253          void ClearHistory() {
 254   1          EEPROM_WriteFloat(0x10, 0.0f);  // 清除历史体重
 255   1      
 256   1      
 257   1          LCD_Clear();
 258   1          LCD_ShowString(0, 0, "History Cleared");
 259   1          Delay_ms(1000);
 260   1          ShowMenu();
 261   1      }
 262          
 263          


MODULE INFORMATION:   STATIC OVERLAYABLE
   CODE SIZE        =   1286    ----
   CONSTANT SIZE    =    225    ----
   XDATA SIZE       =      2    ----
   PDATA SIZE       =   ----    ----
   DATA SIZE        =      2     112
   IDATA SIZE       =   ----    ----
   BIT SIZE         =      1    ----
END OF MODULE INFORMATION.


C51 COMPILATION COMPLETE.  0 WARNING(S),  0 ERROR(S)
