C51 COMPILER V9.60.0.0   TIMER                                                             05/14/2025 15:08:30 PAGE 1   


C51 COMPILER V9.60.0.0, COMPILATION OF MODULE TIMER
OBJECT MODULE PLACED IN .\Objects\timer.obj
COMPILER INVOKED BY: E:\keil5\C51\BIN\C51.EXE sys\timer.c OPTIMIZE(8,SPEED) BROWSE INCDIR(.\driver;.\sys) DEBUG OBJECTEX
                    -TEND PRINT(.\Listings\timer.lst) TABS(2) OBJECT(.\Objects\timer.obj)

line level    source

   1          #include "timer.h"
   2          #include <REGX52.H>
   3          
   4          void Timer0Init(void) // 1ms中断 @ 11.0592MHz，12T模式
   5          {
   6   1      
   7   1        TMOD &= 0xF0;    // 清除定时器0控制位
   8   1        TMOD |= 0x01;    // 设置定时器0为模式1（16位定时器）
   9   1        TL0 = 0x66;      // 设置定时初始值 -> TL0
  10   1        TH0 = 0xFC;      // 设置定时初始值 -> TH0 （FC66 = 64518，1ms）
  11   1        TF0 = 0;         // 清除TF0溢出标志
  12   1        TR0 = 1;         // 启动定时器0
  13   1      
  14   1        ET0 = 1;         // 允许定时器0中断
  15   1        EA = 1;          // 开启总中断
  16   1      }


MODULE INFORMATION:   STATIC OVERLAYABLE
   CODE SIZE        =     21    ----
   CONSTANT SIZE    =   ----    ----
   XDATA SIZE       =   ----    ----
   PDATA SIZE       =   ----    ----
   DATA SIZE        =   ----    ----
   IDATA SIZE       =   ----    ----
   BIT SIZE         =   ----    ----
END OF MODULE INFORMATION.


C51 COMPILATION COMPLETE.  0 WARNING(S),  0 ERROR(S)
